<?xml version="1.0" encoding="UTF-8"?>
<!-- Generated by org.testng.reporters.JUnitReportReporter -->
<testsuite skipped="0" hostname="localhost.localdomain" name="com.combats.GameTest" tests="1" failures="0" timestamp="18 Apr 2019 10:23:21 GMT" time="155.482" errors="0">
  <testcase name="endToEnd" time="155.482" classname="com.combats.GameTest"/>
</testsuite> <!-- com.combats.GameTest -->
